ALLUSERSPROFILE=C:\ProgramData
APPDATA=C:\Users\zz274\AppData\Roaming
CHROME_CRASHPAD_PIPE_NAME=\\.\pipe\crashpad_12076_ZGYVZSKJDREHINUX
CommonProgramFiles=C:\Program Files\Common Files
CommonProgramFiles(x86)=C:\Program Files (x86)\Common Files
CommonProgramW6432=C:\Program Files\Common Files
COMPUTERNAME=L-2745518585
ComSpec=C:\WINDOWS\system32\cmd.exe
DriverData=C:\Windows\System32\Drivers\DriverData
EFC_8912=1
HOMEDRIVE=C:
HOMEPATH=\Users\zz274
LOCALAPPDATA=C:\Users\zz274\AppData\Local
LOGONSERVER=\\L-2745518585
NUMBER_OF_PROCESSORS=8
OneDrive=C:\Users\zz274\OneDrive
OneDriveConsumer=C:\Users\zz274\OneDrive
ORIGINAL_XDG_CURRENT_DESKTOP=undefined
OS=Windows_NT
Path=C:\Program Files\PowerShell\7;C:\Program Files (x86)\VMware\VMware Workstation\bin\;C:\Program Files\Common Files\Oracle\Java\javapath;C:\Program Files (x86)\Common Files\Oracle\Java\javapath;C:\WINDOWS\system32;C:\WINDOWS;C:\WINDOWS\System32\Wbem;C:\WINDOWS\System32\WindowsPowerShell\v1.0\;C:\WINDOWS\System32\OpenSSH\;C:\Program Files\Git\cmd;C:\Program Files\Microsoft VS Code\bin;C:\Program Files\dotnet\;C:\Program Files\mingw64\bin;C:\Program Files\Vim\vim90;D:\Orita\build\bin\bin;C:\Program Files (x86)\Windows Kits\10\Windows Performance Toolkit\;C:\Program Files\PowerShell\7\;C:\Program Files\nodejs\;C:\Users\zz274\AppData\Local\Microsoft\WindowsApps;C:\Users\zz274\AppData\Roaming\npm
PATHEXT=.COM;.EXE;.BAT;.CMD;.VBS;.VBE;.JS;.JSE;.WSF;.WSH;.MSC;.CPL
POWERSHELL_DISTRIBUTION_CHANNEL=MSI:Windows 10 Home China
PROCESSOR_ARCHITECTURE=AMD64
PROCESSOR_IDENTIFIER=Intel64 Family 6 Model 140 Stepping 2, GenuineIntel
PROCESSOR_LEVEL=6
PROCESSOR_REVISION=8c02
ProgramData=C:\ProgramData
ProgramFiles=C:\Program Files
ProgramFiles(x86)=C:\Program Files (x86)
ProgramW6432=C:\Program Files
PROMPT=$P$G
PSModulePath=C:\Users\zz274\Documents\PowerShell\Modules;C:\Program Files\PowerShell\Modules;c:\program files\powershell\7\Modules;C:\Program Files\WindowsPowerShell\Modules;C:\WINDOWS\system32\WindowsPowerShell\v1.0\Modules
PUBLIC=C:\Users\Public
SESSIONNAME=Console
SystemDrive=C:
SystemRoot=C:\WINDOWS
TEMP=C:\Users\zz274\AppData\Local\Temp
TMP=C:\Users\zz274\AppData\Local\Temp
USERDOMAIN=L-2745518585
USERDOMAIN_ROAMINGPROFILE=L-2745518585
USERNAME=zz274
USERPROFILE=C:\Users\zz274
windir=C:\WINDOWS
ZES_ENABLE_SYSMAN=1
TERM_PROGRAM=vscode
TERM_PROGRAM_VERSION=1.85.2
LANG=zh_CN.UTF-8
COLORTERM=truecolor
GIT_ASKPASS=c:\Program Files\Microsoft VS Code\resources\app\extensions\git\dist\askpass.sh
VSCODE_GIT_ASKPASS_NODE=C:\Program Files\Microsoft VS Code\Code.exe
VSCODE_GIT_ASKPASS_EXTRA_ARGS=--ms-enable-electron-run-as-node
VSCODE_GIT_ASKPASS_MAIN=c:\Program Files\Microsoft VS Code\resources\app\extensions\git\dist\askpass-main.js
VSCODE_GIT_IPC_HANDLE=\\.\pipe\vscode-git-3a4acae246-sock
VSCODE_INJECTION=1

